<?xml version="1.0" encoding="UTF-8"?>
<testng-results skipped="0" failed="0" total="1" passed="1">
  <reporter-output>
  </reporter-output>
  <suite name="Test.TestPhongBan" duration-ms="1991" started-at="2018-04-12T17:13:33Z" finished-at="2018-04-12T17:13:35Z">
    <groups>
    </groups>
    <test name="Command line test" duration-ms="1991" started-at="2018-04-12T17:13:33Z" finished-at="2018-04-12T17:13:35Z">
      <class name="Test.TestPhongBan">
        <test-method status="PASS" signature="checkFindAll()[pri:0, instance:Test.TestPhongBan@b684286]" name="checkFindAll" duration-ms="1975" started-at="2018-04-13T00:13:33Z" finished-at="2018-04-13T00:13:35Z">
          <reporter-output>
          </reporter-output>
        </test-method> <!-- checkFindAll -->
      </class> <!-- Test.TestPhongBan -->
    </test> <!-- Command line test -->
  </suite> <!-- Test.TestPhongBan -->
</testng-results>
